<?xml version="1.0" encoding="UTF-8"?>
<!-- Generated by org.testng.reporters.JUnitReportReporter -->
<testsuite hostname="Adira" failures="0" tests="1" name="test.Fliptest" time="62.876" errors="0" timestamp="2024-08-17T11:39:46 IST" skipped="0">
  <testcase classname="test.Fliptest" name="test" time="62.876"/>
</testsuite> <!-- test.Fliptest -->
