<?xml version="1.0" encoding="UTF-8"?>
<!-- Generated by org.testng.reporters.JUnitReportReporter -->
<testsuite hostname="Adira" failures="0" tests="1" name="test.Testt" time="38.803" errors="0" timestamp="2024-08-16T18:32:06 IST" skipped="0">
  <testcase classname="test.Testt" name="test" time="38.803"/>
</testsuite> <!-- test.Testt -->
